<?xml version="1.0" encoding="UTF-8"?>
<!-- Generated by org.testng.reporters.JUnitXMLReporter -->
<testsuite hostname="PARAMMEHTA-PM" name="Test" tests="1" failures="1" timestamp="3 May 2019 21:20:02 GMT" time="28.567" errors="0">
  <testcase name="getSortedPosts" time="28.529" classname="testFiles.RedittTest">
    <failure type="java.lang.AssertionError" message="Not able to click Sort Dropdown">
      <![CDATA[java.lang.AssertionError: Not able to click Sort Dropdown
	at utilities.SeleniumUtilities.click(SeleniumUtilities.java:327)
	at testFiles.RedittTest.getSortedPosts(RedittTest.java:131)
... Removed 25 stack frames]]>
    </failure>
  </testcase> <!-- getSortedPosts -->
</testsuite> <!-- Test -->
